<?xml version="1.0" encoding="UTF-8"?>
<!-- Generated by org.testng.reporters.JUnitReportReporter -->
<testsuite hostname="DESKTOP-1UCDMIU" failures="0" tests="1" name="com.progressive.test.auto.Autoclass" time="34.689" errors="0" timestamp="2022-08-07T19:47:25 EDT" skipped="0">
  <testcase classname="com.progressive.test.auto.Autoclass" name="getAutoQuote" time="34.689"/>
  <system-out>
Waiting for the element to be clickable---> [[ChromeDriver: chrome on WINDOWS (3664b03cdcbbb6df5ed5097e5d4566ee)] -> xpath: (//span[text()='Auto'])[1] | //p[@class='txt' and normalize-space(text())='Auto']]<br> [[ChromeDriver: chrome on WINDOWS (3664b03cdcbbb6df5ed5097e5d4566ee)] -> xpath: (//span[text()='Auto'])[1] | //p[@class='txt' and normalize-space(text())='Auto']] : This element has been clicked<br> [[ChromeDriver: chrome on WINDOWS (3664b03cdcbbb6df5ed5097e5d4566ee)] -> id: quote-title] :has value --->AUTO<br> Current URL is: https://www.progressive.com/#l<br> 11377 : This value has beed passed into--->[[ChromeDriver: chrome on WINDOWS (3664b03cdcbbb6df5ed5097e5d4566ee)] -> xpath: //input[@id='zipCode_overlay']]<br> Waiting for the element to be clickable---> [[ChromeDriver: chrome on WINDOWS (3664b03cdcbbb6df5ed5097e5d4566ee)] -> xpath: (//button[@data-action='AU+H'])[1]]<br> [[ChromeDriver: chrome on WINDOWS (3664b03cdcbbb6df5ed5097e5d4566ee)] -> xpath: (//button[@data-action='AU+H'])[1]] : This element has been clicked<br> Waiting for the element to be clickable---> [[ChromeDriver: chrome on WINDOWS (3664b03cdcbbb6df5ed5097e5d4566ee)] -> xpath: //input[@id='qsButton_overlay']]<br> [[ChromeDriver: chrome on WINDOWS (3664b03cdcbbb6df5ed5097e5d4566ee)] -> xpath: //input[@id='qsButton_overlay']] : This element has been clicked<br> Alex : This value has beed passed into--->[[ChromeDriver: chrome on WINDOWS (3664b03cdcbbb6df5ed5097e5d4566ee)] -> id: NameAndAddressEdit_embedded_questions_list_FirstName]<br> D : This value has beed passed into--->[[ChromeDriver: chrome on WINDOWS (3664b03cdcbbb6df5ed5097e5d4566ee)] -> id: NameAndAddressEdit_embedded_questions_list_MiddleInitial]<br> Rodriguez : This value has beed passed into--->[[ChromeDriver: chrome on WINDOWS (3664b03cdcbbb6df5ed5097e5d4566ee)] -> id: NameAndAddressEdit_embedded_questions_list_LastName]<br> 01/05/1984 : This value has beed passed into--->[[ChromeDriver: chrome on WINDOWS (3664b03cdcbbb6df5ed5097e5d4566ee)] -> id: NameAndAddressEdit_embedded_questions_list_DateOfBirth]<br> 59-16 Woodside Avenue : This value has beed passed into--->[[ChromeDriver: chrome on WINDOWS (3664b03cdcbbb6df5ed5097e5d4566ee)] -> id: NameAndAddressEdit_embedded_questions_list_MailingAddress]<br> 3B : This value has beed passed into--->[[ChromeDriver: chrome on WINDOWS (3664b03cdcbbb6df5ed5097e5d4566ee)] -> id: NameAndAddressEdit_embedded_questions_list_ApartmentUnit]<br> Queens : This value has beed passed into--->[[ChromeDriver: chrome on WINDOWS (3664b03cdcbbb6df5ed5097e5d4566ee)] -> id: NameAndAddressEdit_embedded_questions_list_City]<br> Value has been cleared from this element ---> [[ChromeDriver: chrome on WINDOWS (3664b03cdcbbb6df5ed5097e5d4566ee)] -> id: NameAndAddressEdit_embedded_questions_list_ZipCode]<br> 11377 : This value has beed passed into--->[[ChromeDriver: chrome on WINDOWS (3664b03cdcbbb6df5ed5097e5d4566ee)] -> id: NameAndAddressEdit_embedded_questions_list_ZipCode]<br> Waiting for the element to be clickable---> [[ChromeDriver: chrome on WINDOWS (3664b03cdcbbb6df5ed5097e5d4566ee)] -> xpath: //button[text()='Okay, start my quote.']]<br> [[ChromeDriver: chrome on WINDOWS (3664b03cdcbbb6df5ed5097e5d4566ee)] -> xpath: //button[text()='Okay, start my quote.']] : This element has been clicked<br> 59-16 Woodside Avenue : This value has beed passed into--->[[ChromeDriver: chrome on WINDOWS (3664b03cdcbbb6df5ed5097e5d4566ee)] -> id: NameAndAddressEdit_embedded_questions_list_MailingAddress]<br> 3B : This value has beed passed into--->[[ChromeDriver: chrome on WINDOWS (3664b03cdcbbb6df5ed5097e5d4566ee)] -> id: NameAndAddressEdit_embedded_questions_list_ApartmentUnit]<br> Queens : This value has beed passed into--->[[ChromeDriver: chrome on WINDOWS (3664b03cdcbbb6df5ed5097e5d4566ee)] -> id: NameAndAddressEdit_embedded_questions_list_City]<br> Waiting for the element to be clickable---> [[ChromeDriver: chrome on WINDOWS (3664b03cdcbbb6df5ed5097e5d4566ee)] -> xpath: //button[text()='Okay, start my quote.']]<br> Proxy element for: DefaultElementLocator 'By.xpath: //button[text()='Okay, start my quote.']' : This element has been clicked<br> [[ChromeDriver: chrome on WINDOWS (3664b03cdcbbb6df5ed5097e5d4566ee)] -> xpath: //h1[text()='Tell us about your vehicle(s)...']] :has value --->Tell us about your vehicle(s)...<br> 2012 : This value has been passed into this element ---> [[ChromeDriver: chrome on WINDOWS (3664b03cdcbbb6df5ed5097e5d4566ee)] -> xpath: //select[@id='VehiclesNew_embedded_questions_list_Year']]<br> TOYOTA : This value has been passed into this element ---> [[ChromeDriver: chrome on WINDOWS (3664b03cdcbbb6df5ed5097e5d4566ee)] -> xpath: //select[@id='VehiclesNew_embedded_questions_list_Make']]<br> COROLLA : This value has been passed into this element ---> [[ChromeDriver: chrome on WINDOWS (3664b03cdcbbb6df5ed5097e5d4566ee)] -> xpath: //select[@id='VehiclesNew_embedded_questions_list_Model']]<br>  </system-out>
</testsuite> <!-- com.progressive.test.auto.Autoclass -->
