<?xml version="1.0" encoding="UTF-8"?>
<!-- Generated by org.testng.reporters.JUnitReportReporter -->
<testsuite hostname="DESKTOP-1UCDMIU" failures="0" tests="1" name="com.progressive.test.auto.Autoclass" time="15.555" errors="0" timestamp="2022-07-31T00:39:41 EDT" skipped="0">
  <testcase classname="com.progressive.test.auto.Autoclass" name="getAutoQuote" time="15.555"/>
  <system-out>
[[ChromeDriver: chrome on WINDOWS (5d7b7afbc637e14161249a093701035f)] -> xpath: (//span[text()='Auto'])[1] | //p[@class='txt' and normalize-space(text())='Auto']] : This element has been clicked<br> [[ChromeDriver: chrome on WINDOWS (5d7b7afbc637e14161249a093701035f)] -> id: quote-title] :has value --->AUTO<br> Current URL is: https://www.progressive.com/#l<br> 11377 : This value has beed passed into--->[[ChromeDriver: chrome on WINDOWS (5d7b7afbc637e14161249a093701035f)] -> xpath: //input[@id='zipCode_overlay']]<br> [[ChromeDriver: chrome on WINDOWS (5d7b7afbc637e14161249a093701035f)] -> xpath: (//button[@data-action='AU+H'])[1]] : This element has been clicked<br> [[ChromeDriver: chrome on WINDOWS (5d7b7afbc637e14161249a093701035f)] -> xpath: //input[@id='qsButton_overlay']] : This element has been clicked<br> Alex : This value has beed passed into--->[[ChromeDriver: chrome on WINDOWS (5d7b7afbc637e14161249a093701035f)] -> id: NameAndAddressEdit_embedded_questions_list_FirstName]<br> D : This value has beed passed into--->[[ChromeDriver: chrome on WINDOWS (5d7b7afbc637e14161249a093701035f)] -> id: NameAndAddressEdit_embedded_questions_list_MiddleInitial]<br> Rodriguez : This value has beed passed into--->[[ChromeDriver: chrome on WINDOWS (5d7b7afbc637e14161249a093701035f)] -> id: NameAndAddressEdit_embedded_questions_list_LastName]<br> 01/05/1984 : This value has beed passed into--->[[ChromeDriver: chrome on WINDOWS (5d7b7afbc637e14161249a093701035f)] -> id: NameAndAddressEdit_embedded_questions_list_DateOfBirth]<br> 5920 Woodside Avenue : This value has beed passed into--->[[ChromeDriver: chrome on WINDOWS (5d7b7afbc637e14161249a093701035f)] -> id: NameAndAddressEdit_embedded_questions_list_MailingAddress]<br>  </system-out>
</testsuite> <!-- com.progressive.test.auto.Autoclass -->
