<?xml version="1.0" encoding="UTF-8"?>
<!-- Generated by org.testng.reporters.JUnitReportReporter -->
<testsuite hostname="DESKTOP-1UCDMIU" failures="0" tests="1" name="com.progressive.test.auto.Autoclass" time="6.373" errors="0" timestamp="2022-07-24T03:25:00 EDT" skipped="0">
  <testcase classname="com.progressive.test.auto.Autoclass" name="getAutoQuote" time="6.373"/>
  <system-out/>
</testsuite> <!-- com.progressive.test.auto.Autoclass -->
